info: socket.io started
C1
*undefined, undefined
*DgA4hIaTPLfJ8a_ET4Fr, 0
1
*undefined

/var/lib/tomcat6/webapps/ROOT/madmin/server.js:50
    globals.clients[c].socket.emit('results', {min: min, max: max, my: globals
                              ^
TypeError: Cannot call method 'emit' of undefined
    at compute_winner (/var/lib/tomcat6/webapps/ROOT/madmin/server.js:50:31)
    at add_score (/var/lib/tomcat6/webapps/ROOT/madmin/server.js:30:5)
    at Socket.io.sockets.on.globals.clients.(anonymous function).id (/var/lib/tomcat6/webapps/ROOT/madmin/server.js:72:5)
    at Socket.EventEmitter.emit [as $emit] (events.js:93:17)
    at SocketNamespace.handlePacket (/home/ec2-user/node_modules/socket.io/lib/namespace.js:335:22)
    at Manager.onClientMessage (/home/ec2-user/node_modules/socket.io/lib/manager.js:487:38)
    at WebSocket.Transport.onMessage (/home/ec2-user/node_modules/socket.io/lib/transport.js:387:20)
    at Parser.<anonymous> (/home/ec2-user/node_modules/socket.io/lib/transports/websocket/hybi-16.js:39:10)
    at Parser.EventEmitter.emit (events.js:93:17)
    at opcodeHandlers.1.finish (/home/ec2-user/node_modules/socket.io/lib/transports/websocket/hybi-16.js:288:16)
